API endpoint: http://localhost:8080
If you are using a library that supports the FIRESTORE_EMULATOR_HOST environment variable, run:

   export FIRESTORE_EMULATOR_HOST=localhost:8080

Dev App Server is now running.

Oct 29, 2020 12:54:51 PM io.gapi.emulators.netty.HttpVersionRoutingHandler channelRead
INFO: Detected HTTP/2 connection.
Oct 29, 2020 12:54:53 PM com.google.cloud.datastore.emulator.impl.util.WrappedStreamObserver onError
INFO: operation failed: no entity to update: app: "dev~med-school-journey-c7425"
path <
  Element {
    type: "users"
    name: "LBVhOM5ittSrlA7QRQkrdqW74Xr2"
  }
>

Oct 29, 2020 12:55:35 PM io.gapi.emulators.netty.HttpVersionRoutingHandler channelRead
INFO: Detected HTTP/2 connection.
Oct 29, 2020 12:55:35 PM com.google.cloud.datastore.emulator.impl.util.WrappedStreamObserver onError
INFO: operation failed: no entity to update: app: "dev~med-school-journey-c7425"
path <
  Element {
    type: "users"
    name: "LBVhOM5ittSrlA7QRQkrdqW74Xr2"
  }
>

*** shutting down gRPC server since JVM is shutting down
*** server shut down
