[debug] [2020-11-03T10:22:10.787Z] ----------------------------------------------------------------------
[debug] [2020-11-03T10:22:10.788Z] Command:       /home/xsrm/.nvm/versions/node/v12.18.3/bin/node /home/xsrm/.nvm/versions/node/v12.18.3/bin/firebase emulators:start --only functions
[debug] [2020-11-03T10:22:10.789Z] CLI Version:   8.11.2
[debug] [2020-11-03T10:22:10.789Z] Platform:      linux
[debug] [2020-11-03T10:22:10.789Z] Node Version:  v12.18.3
[debug] [2020-11-03T10:22:10.789Z] Time:          Tue Nov 03 2020 12:22:10 GMT+0200 (Eastern European Standard Time)
[debug] [2020-11-03T10:22:10.789Z] ----------------------------------------------------------------------
[debug] [2020-11-03T10:22:10.789Z] 
[debug] [2020-11-03T10:22:10.794Z] > command requires scopes: ["email","openid","https://www.googleapis.com/auth/cloudplatformprojects.readonly","https://www.googleapis.com/auth/firebase","https://www.googleapis.com/auth/cloud-platform"]
[debug] [2020-11-03T10:22:10.794Z] > authorizing via signed-in user
[info] i  emulators: Starting emulators: functions {"metadata":{"emulator":{"name":"hub"},"message":"Starting emulators: functions"}}
[debug] [2020-11-03T10:22:10.812Z] [hub] writing locator at /tmp/hub-med-school-journey-c7425.json
[warn] ⚠  functions: The following emulators are not running, calls to these services from the Functions emulator will affect production: auth, firestore, database, hosting, pubsub {"metadata":{"emulator":{"name":"functions"},"message":"The following emulators are not running, calls to these services from the Functions emulator will affect production: \u001b[1mauth, firestore, database, hosting, pubsub\u001b[22m"}}
[warn] ⚠  Your requested "node" version "10" doesn't match your global version "12" {"metadata":{"emulator":{"name":"functions"},"message":"Your requested \"node\" version \"10\" doesn't match your global version \"12\""}}
[debug] [2020-11-03T10:22:10.841Z] defaultcredentials: writing to file /home/xsrm/.config/firebase/sirmchristos_gmail_com_application_default_credentials.json
[debug] [2020-11-03T10:22:10.843Z] Setting GAC to /home/xsrm/.config/firebase/sirmchristos_gmail_com_application_default_credentials.json {"metadata":{"emulator":{"name":"functions"},"message":"Setting GAC to /home/xsrm/.config/firebase/sirmchristos_gmail_com_application_default_credentials.json"}}
[debug] [2020-11-03T10:22:10.852Z] Ignoring unsupported arg: auto_download {"metadata":{"emulator":{"name":"ui"},"message":"Ignoring unsupported arg: auto_download"}}
[debug] [2020-11-03T10:22:10.852Z] Ignoring unsupported arg: port {"metadata":{"emulator":{"name":"ui"},"message":"Ignoring unsupported arg: port"}}
[debug] [2020-11-03T10:22:10.852Z] Starting Emulator UI with command {"binary":"node","args":["/home/xsrm/.cache/firebase/emulators/ui-v1.1.1/server.bundle.js"],"optionalArgs":[],"joinArgs":false} {"metadata":{"emulator":{"name":"ui"},"message":"Starting Emulator UI with command {\"binary\":\"node\",\"args\":[\"/home/xsrm/.cache/firebase/emulators/ui-v1.1.1/server.bundle.js\"],\"optionalArgs\":[],\"joinArgs\":false}"}}
[info] i  ui: Emulator UI logging to ui-debug.log {"metadata":{"emulator":{"name":"ui"},"message":"Emulator UI logging to \u001b[1mui-debug.log\u001b[22m"}}
[debug] [2020-11-03T10:22:10.922Z] Web / API server started at http://localhost:4000
 {"metadata":{"emulator":{"name":"ui"},"message":"Web / API server started at http://localhost:4000\n"}}
[info] i  functions: Watching "/home/xsrm/med-school-journey/functions" for Cloud Functions... {"metadata":{"emulator":{"name":"functions"},"message":"Watching \"/home/xsrm/med-school-journey/functions\" for Cloud Functions..."}}
[debug] [2020-11-03T10:22:11.130Z] [worker-pool] addWorker(~diagnostic~) {"metadata":{"emulator":{"name":"functions"},"message":"[worker-pool] addWorker(~diagnostic~)"}}
[debug] [2020-11-03T10:22:11.130Z] [worker-pool] Adding worker with key ~diagnostic~, total=1 {"metadata":{"emulator":{"name":"functions"},"message":"[worker-pool] Adding worker with key ~diagnostic~, total=1"}}
[debug] [2020-11-03T10:22:11.131Z] [worker-pool] submitWork(triggerId=) {"metadata":{"emulator":{"name":"functions"},"message":"[worker-pool] submitWork(triggerId=)"}}
[debug] [2020-11-03T10:22:11.131Z] [worker-~diagnostic~-cd325b25-7d62-4971-83bd-d9f1c1090775]: Assigning socketPath: /tmp/fire_emu_10928.sock {"metadata":{"emulator":{"name":"functions"},"message":"[worker-~diagnostic~-cd325b25-7d62-4971-83bd-d9f1c1090775]: Assigning socketPath: /tmp/fire_emu_10928.sock"}}
[debug] [2020-11-03T10:22:11.131Z] [worker-~diagnostic~-cd325b25-7d62-4971-83bd-d9f1c1090775]: BUSY {"metadata":{"emulator":{"name":"functions"},"message":"[worker-~diagnostic~-cd325b25-7d62-4971-83bd-d9f1c1090775]: BUSY"}}
[debug] [2020-11-03T10:22:11.319Z] [runtime-status] [10928] Functions runtime initialized. {"cwd":"/home/xsrm/med-school-journey/functions","node_version":"12.18.3"} {"metadata":{"emulator":{"name":"functions"},"message":"[runtime-status] [10928] Functions runtime initialized. {\"cwd\":\"/home/xsrm/med-school-journey/functions\",\"node_version\":\"12.18.3\"}"}}
[debug] [2020-11-03T10:22:11.320Z] [runtime-status] [10928] Disabled runtime features: undefined {"metadata":{"emulator":{"name":"functions"},"message":"[runtime-status] [10928] Disabled runtime features: undefined"}}
[debug] [2020-11-03T10:22:11.322Z] [runtime-status] [10928] Resolved module firebase-admin {"declared":true,"installed":true,"version":"8.13.0","resolution":"/home/xsrm/med-school-journey/functions/node_modules/firebase-admin/lib/index.js"} {"metadata":{"emulator":{"name":"functions"},"message":"[runtime-status] [10928] Resolved module firebase-admin {\"declared\":true,\"installed\":true,\"version\":\"8.13.0\",\"resolution\":\"/home/xsrm/med-school-journey/functions/node_modules/firebase-admin/lib/index.js\"}"}}
[debug] [2020-11-03T10:22:11.323Z] [runtime-status] [10928] Resolved module firebase-functions {"declared":true,"installed":true,"version":"3.11.0","resolution":"/home/xsrm/med-school-journey/functions/node_modules/firebase-functions/lib/index.js"} {"metadata":{"emulator":{"name":"functions"},"message":"[runtime-status] [10928] Resolved module firebase-functions {\"declared\":true,\"installed\":true,\"version\":\"3.11.0\",\"resolution\":\"/home/xsrm/med-school-journey/functions/node_modules/firebase-functions/lib/index.js\"}"}}
[debug] [2020-11-03T10:22:11.323Z] [runtime-status] [10928] Found local functions config: /home/xsrm/med-school-journey/functions/.runtimeconfig.json {"metadata":{"emulator":{"name":"functions"},"message":"[runtime-status] [10928] Found local functions config: /home/xsrm/med-school-journey/functions/.runtimeconfig.json"}}
[debug] [2020-11-03T10:22:11.324Z] [runtime-status] [10928] Resolved module firebase-functions {"declared":true,"installed":true,"version":"3.11.0","resolution":"/home/xsrm/med-school-journey/functions/node_modules/firebase-functions/lib/index.js"} {"metadata":{"emulator":{"name":"functions"},"message":"[runtime-status] [10928] Resolved module firebase-functions {\"declared\":true,\"installed\":true,\"version\":\"3.11.0\",\"resolution\":\"/home/xsrm/med-school-journey/functions/node_modules/firebase-functions/lib/index.js\"}"}}
[debug] [2020-11-03T10:22:11.325Z] [runtime-status] [10928] Outgoing network have been stubbed. [{"name":"http","status":"mocked"},{"name":"http","status":"mocked"},{"name":"https","status":"mocked"},{"name":"https","status":"mocked"},{"name":"net","status":"mocked"}] {"metadata":{"emulator":{"name":"functions"},"message":"[runtime-status] [10928] Outgoing network have been stubbed. [{\"name\":\"http\",\"status\":\"mocked\"},{\"name\":\"http\",\"status\":\"mocked\"},{\"name\":\"https\",\"status\":\"mocked\"},{\"name\":\"https\",\"status\":\"mocked\"},{\"name\":\"net\",\"status\":\"mocked\"}]"}}
[debug] [2020-11-03T10:22:11.326Z] [runtime-status] [10928] Resolved module firebase-functions {"declared":true,"installed":true,"version":"3.11.0","resolution":"/home/xsrm/med-school-journey/functions/node_modules/firebase-functions/lib/index.js"} {"metadata":{"emulator":{"name":"functions"},"message":"[runtime-status] [10928] Resolved module firebase-functions {\"declared\":true,\"installed\":true,\"version\":\"3.11.0\",\"resolution\":\"/home/xsrm/med-school-journey/functions/node_modules/firebase-functions/lib/index.js\"}"}}
[debug] [2020-11-03T10:22:11.350Z] [runtime-status] [10928] Checked functions.config() {"config":{"app":{"url":"http://localhost:4200/"},"sendgrid":{"key":"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","welcome_email":"d-cbb34f4b316146978ade094175cabf2e"},"stripe":{"sk_test":"sk_test_51Hf3sqJuSjlTtqXXORdSa4tL37b7g3IPFAnvPgzeNyE86V4slL2uNpwi2tPOobK0BujXhDnqE2EtyB1UKrtjNQYu00oxEKDpZF","wh_secret":"whsec_JGUsl53i6sXpCQeXnZq0hg21SPL817Zc"}}} {"metadata":{"emulator":{"name":"functions"},"message":"[runtime-status] [10928] Checked functions.config() {\"config\":{\"app\":{\"url\":\"http://localhost:4200/\"},\"sendgrid\":{\"key\":\"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\",\"welcome_email\":\"d-cbb34f4b316146978ade094175cabf2e\"},\"stripe\":{\"sk_test\":\"sk_test_51Hf3sqJuSjlTtqXXORdSa4tL37b7g3IPFAnvPgzeNyE86V4slL2uNpwi2tPOobK0BujXhDnqE2EtyB1UKrtjNQYu00oxEKDpZF\",\"wh_secret\":\"whsec_JGUsl53i6sXpCQeXnZq0hg21SPL817Zc\"}}}"}}
[debug] [2020-11-03T10:22:11.351Z] [runtime-status] [10928] firebase-functions has been stubbed. {"functionsResolution":{"declared":true,"installed":true,"version":"3.11.0","resolution":"/home/xsrm/med-school-journey/functions/node_modules/firebase-functions/lib/index.js"}} {"metadata":{"emulator":{"name":"functions"},"message":"[runtime-status] [10928] firebase-functions has been stubbed. {\"functionsResolution\":{\"declared\":true,\"installed\":true,\"version\":\"3.11.0\",\"resolution\":\"/home/xsrm/med-school-journey/functions/node_modules/firebase-functions/lib/index.js\"}}"}}
[debug] [2020-11-03T10:22:11.351Z] [runtime-status] [10928] Resolved module firebase-functions {"declared":true,"installed":true,"version":"3.11.0","resolution":"/home/xsrm/med-school-journey/functions/node_modules/firebase-functions/lib/index.js"} {"metadata":{"emulator":{"name":"functions"},"message":"[runtime-status] [10928] Resolved module firebase-functions {\"declared\":true,\"installed\":true,\"version\":\"3.11.0\",\"resolution\":\"/home/xsrm/med-school-journey/functions/node_modules/firebase-functions/lib/index.js\"}"}}
[debug] [2020-11-03T10:22:11.352Z] [runtime-status] [10928] Resolved module firebase-admin {"declared":true,"installed":true,"version":"8.13.0","resolution":"/home/xsrm/med-school-journey/functions/node_modules/firebase-admin/lib/index.js"} {"metadata":{"emulator":{"name":"functions"},"message":"[runtime-status] [10928] Resolved module firebase-admin {\"declared\":true,\"installed\":true,\"version\":\"8.13.0\",\"resolution\":\"/home/xsrm/med-school-journey/functions/node_modules/firebase-admin/lib/index.js\"}"}}
[debug] [2020-11-03T10:22:11.352Z] [runtime-status] [10928] Resolved module firebase-functions {"declared":true,"installed":true,"version":"3.11.0","resolution":"/home/xsrm/med-school-journey/functions/node_modules/firebase-functions/lib/index.js"} {"metadata":{"emulator":{"name":"functions"},"message":"[runtime-status] [10928] Resolved module firebase-functions {\"declared\":true,\"installed\":true,\"version\":\"3.11.0\",\"resolution\":\"/home/xsrm/med-school-journey/functions/node_modules/firebase-functions/lib/index.js\"}"}}
[debug] [2020-11-03T10:22:11.352Z] [runtime-status] [10928] firebase-admin has been stubbed. {"adminResolution":{"declared":true,"installed":true,"version":"8.13.0","resolution":"/home/xsrm/med-school-journey/functions/node_modules/firebase-admin/lib/index.js"}} {"metadata":{"emulator":{"name":"functions"},"message":"[runtime-status] [10928] firebase-admin has been stubbed. {\"adminResolution\":{\"declared\":true,\"installed\":true,\"version\":\"8.13.0\",\"resolution\":\"/home/xsrm/med-school-journey/functions/node_modules/firebase-admin/lib/index.js\"}}"}}
[debug] [2020-11-03T10:22:11.354Z] [runtime-status] [10928] initializeApp(DEFAULT) {"databaseURL":"https://med-school-journey-c7425.firebaseio.com","storageBucket":"med-school-journey-c7425.appspot.com","projectId":"med-school-journey-c7425"} {"metadata":{"emulator":{"name":"functions"},"message":"[runtime-status] [10928] initializeApp(DEFAULT) {\"databaseURL\":\"https://med-school-journey-c7425.firebaseio.com\",\"storageBucket\":\"med-school-journey-c7425.appspot.com\",\"projectId\":\"med-school-journey-c7425\"}"}}
[info] >  { {"user":"{","metadata":{"emulator":{"name":"functions"},"message":"\u001b[90m> \u001b[39m {"}}
[info] >    app: { url: 'http://localhost:4200/' }, {"user":"  app: { url: 'http://localhost:4200/' },","metadata":{"emulator":{"name":"functions"},"message":"\u001b[90m> \u001b[39m   app: { url: 'http://localhost:4200/' },"}}
[info] >    sendgrid: { {"user":"  sendgrid: {","metadata":{"emulator":{"name":"functions"},"message":"\u001b[90m> \u001b[39m   sendgrid: {"}}
[info] >      key: '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', {"user":"    key: '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',","metadata":{"emulator":{"name":"functions"},"message":"\u001b[90m> \u001b[39m     key: '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',"}}
[info] >      welcome_email: 'd-cbb34f4b316146978ade094175cabf2e' {"user":"    welcome_email: 'd-cbb34f4b316146978ade094175cabf2e'","metadata":{"emulator":{"name":"functions"},"message":"\u001b[90m> \u001b[39m     welcome_email: 'd-cbb34f4b316146978ade094175cabf2e'"}}
[info] >    }, {"user":"  },","metadata":{"emulator":{"name":"functions"},"message":"\u001b[90m> \u001b[39m   },"}}
[info] >    stripe: { {"user":"  stripe: {","metadata":{"emulator":{"name":"functions"},"message":"\u001b[90m> \u001b[39m   stripe: {"}}
[info] >      sk_test: 'sk_test_51Hf3sqJuSjlTtqXXORdSa4tL37b7g3IPFAnvPgzeNyE86V4slL2uNpwi2tPOobK0BujXhDnqE2EtyB1UKrtjNQYu00oxEKDpZF', {"user":"    sk_test: 'sk_test_51Hf3sqJuSjlTtqXXORdSa4tL37b7g3IPFAnvPgzeNyE86V4slL2uNpwi2tPOobK0BujXhDnqE2EtyB1UKrtjNQYu00oxEKDpZF',","metadata":{"emulator":{"name":"functions"},"message":"\u001b[90m> \u001b[39m     sk_test: 'sk_test_51Hf3sqJuSjlTtqXXORdSa4tL37b7g3IPFAnvPgzeNyE86V4slL2uNpwi2tPOobK0BujXhDnqE2EtyB1UKrtjNQYu00oxEKDpZF',"}}
[info] >      wh_secret: 'whsec_JGUsl53i6sXpCQeXnZq0hg21SPL817Zc' {"user":"    wh_secret: 'whsec_JGUsl53i6sXpCQeXnZq0hg21SPL817Zc'","metadata":{"emulator":{"name":"functions"},"message":"\u001b[90m> \u001b[39m     wh_secret: 'whsec_JGUsl53i6sXpCQeXnZq0hg21SPL817Zc'"}}
[info] >    } {"user":"  }","metadata":{"emulator":{"name":"functions"},"message":"\u001b[90m> \u001b[39m   }"}}
[info] >  } {"user":"}","metadata":{"emulator":{"name":"functions"},"message":"\u001b[90m> \u001b[39m }"}}
[warn] ⚠  functions: The Cloud Firestore emulator is not running, so calls to Firestore will affect production. {"metadata":{"emulator":{"name":"functions"},"message":"The Cloud Firestore emulator is not running, so calls to Firestore will affect production."}}
[debug] [2020-11-03T10:22:11.597Z] addAuthTrigger {"eventTrigger":{"resource":"projects/med-school-journey-c7425","eventType":"providers/firebase.auth/eventTypes/user.create","service":"firebaseauth.googleapis.com"}}
[debug] [2020-11-03T10:22:11.597Z] Unsupported trigger: {"eventTrigger":{"resource":"projects/med-school-journey-c7425/events/purchase","eventType":"providers/google.firebase.analytics/eventTypes/event.log","service":"app-measurement.com"},"name":"purchaseCompleted","entryPoint":"purchaseCompleted"} {"metadata":{"emulator":{"name":"functions"},"message":"Unsupported trigger: {\"eventTrigger\":{\"resource\":\"projects/med-school-journey-c7425/events/purchase\",\"eventType\":\"providers/google.firebase.analytics/eventTypes/event.log\",\"service\":\"app-measurement.com\"},\"name\":\"purchaseCompleted\",\"entryPoint\":\"purchaseCompleted\"}"}}
[debug] [2020-11-03T10:22:11.597Z] Unsupported trigger: {"eventTrigger":{"resource":"projects/med-school-journey-c7425/events/login","eventType":"providers/google.firebase.analytics/eventTypes/event.log","service":"app-measurement.com"},"name":"googleLogin","entryPoint":"googleLogin"} {"metadata":{"emulator":{"name":"functions"},"message":"Unsupported trigger: {\"eventTrigger\":{\"resource\":\"projects/med-school-journey-c7425/events/login\",\"eventType\":\"providers/google.firebase.analytics/eventTypes/event.log\",\"service\":\"app-measurement.com\"},\"name\":\"googleLogin\",\"entryPoint\":\"googleLogin\"}"}}
[info] ✔  functions[api]: http function initialized (http://localhost:5001/med-school-journey-c7425/us-central1/api). {"metadata":{"emulator":{"name":"functions"},"message":"\u001b[1mhttp\u001b[22m function initialized (http://localhost:5001/med-school-journey-c7425/us-central1/api)."}}
[info] ✔  functions[welcomeEmail]: auth function initialized. {"metadata":{"emulator":{"name":"functions"},"message":"\u001b[1mauth\u001b[22m function initialized."}}
[info] i  functions[purchaseCompleted]: function ignored because the analytics emulator does not exist or is not running. {"metadata":{"emulator":{"name":"functions"},"message":"function ignored because the analytics emulator does not exist or is not running."}}
[info] i  functions[googleLogin]: function ignored because the analytics emulator does not exist or is not running. {"metadata":{"emulator":{"name":"functions"},"message":"function ignored because the analytics emulator does not exist or is not running."}}
[info] 
┌───────────────────────────────────────────────────────────────────────┐
│ ✔  All emulators ready! View status and logs at http://localhost:4000 │
└───────────────────────────────────────────────────────────────────────┘

┌───────────┬────────────────┬─────────────────────────────────┐
│ Emulator  │ Host:Port      │ View in Emulator UI             │
├───────────┼────────────────┼─────────────────────────────────┤
│ Functions │ localhost:5001 │ http://localhost:4000/functions │
└───────────┴────────────────┴─────────────────────────────────┘
  Other reserved ports: 4400, 4500

Issues? Report them at https://github.com/firebase/firebase-tools/issues and attach the *-debug.log files.
 
[debug] [2020-11-03T10:22:11.600Z] [worker-~diagnostic~-cd325b25-7d62-4971-83bd-d9f1c1090775]: IDLE {"metadata":{"emulator":{"name":"functions"},"message":"[worker-~diagnostic~-cd325b25-7d62-4971-83bd-d9f1c1090775]: IDLE"}}
